2012-12-16 21:14:46,905 INFO [com.mchange.v2.log.MLog] - MLog clients using log4j logging.
2012-12-16 21:14:46,993 INFO [com.mchange.v2.c3p0.C3P0Registry] - Initializing c3p0-0.9.1.2 [built 21-May-2007 15:04:56; debug? true; trace: 10]
2012-12-16 21:15:34,030 INFO [com.mchange.v2.c3p0.impl.AbstractPoolBackedDataSource] - Initializing c3p0 pool... com.mchange.v2.c3p0.ComboPooledDataSource [ acquireIncrement -> 3, acquireRetryAttempts -> 30, acquireRetryDelay -> 1000, autoCommitOnClose -> true, automaticTestTable -> null, breakAfterAcquireFailure -> false, checkoutTimeout -> 0, connectionCustomizerClassName -> null, connectionTesterClassName -> com.mchange.v2.c3p0.impl.DefaultConnectionTester, dataSourceName -> 1b60x188r19god9t9d5f34|82751, debugUnreturnedConnectionStackTraces -> false, description -> null, driverClass -> org.gjt.mm.mysql.Driver, factoryClassLocation -> null, forceIgnoreUnresolvedTransactions -> false, identityToken -> 1b60x188r19god9t9d5f34|82751, idleConnectionTestPeriod -> 0, initialPoolSize -> 10, jdbcUrl -> jdbc:mysql://localhost/student, maxAdministrativeTaskTime -> 0, maxConnectionAge -> 0, maxIdleTime -> 0, maxIdleTimeExcessConnections -> 0, maxPoolSize -> 30, maxStatements -> 100, maxStatementsPerConnection -> 0, minPoolSize -> 8, numHelperThreads -> 3, numThreadsAwaitingCheckoutDefaultUser -> 0, preferredTestQuery -> null, properties -> {user=******, password=******}, propertyCycle -> 0, testConnectionOnCheckin -> false, testConnectionOnCheckout -> false, unreturnedConnectionTimeout -> 0, usesTraditionalReflectiveProxies -> false ]
2012-12-16 21:15:34,581 INFO [dao.daoTemplate] - daoTemplate执行查询:select a.id,学号,姓名,专业_id,图片_id,性别,b.专业名称,c.路径 from 学生表 a left join 专业表 b on a.专业_id=b.id left join 文件共享表 c on c.id = a.图片_id where 学号=? and 密码=? order by id desc
2012-12-16 21:15:53,090 INFO [dao.daoTemplate] - daoTemplate执行查询:select a.id,学号,姓名,专业_id,图片_id,性别,b.专业名称,c.路径 from 学生表 a left join 专业表 b on a.专业_id=b.id left join 文件共享表 c on c.id = a.图片_id where 学号 like ? order by id desc limit ?,?
2012-12-16 21:15:56,478 INFO [dao.daoTemplate] - daoTemplate执行查询:select a.id,学号,姓名,专业_id,图片_id,性别,b.专业名称,c.路径 from 学生表 a left join 专业表 b on a.专业_id=b.id left join 文件共享表 c on c.id = a.图片_id where a.id=? order by id desc
2012-12-16 21:15:57,916 INFO [dao.daoTemplate] - daoTemplate执行查询:select a.id,学号,姓名,专业_id,图片_id,性别,b.专业名称,c.路径 from 学生表 a left join 专业表 b on a.专业_id=b.id left join 文件共享表 c on c.id = a.图片_id where a.id=? order by id desc
2012-12-16 21:15:57,932 INFO [dao.daoTemplate] - daoTemplate执行查询:select id,专业名称  from 专业表 a order by id desc
2012-12-16 21:18:28,701 INFO [dao.daoTemplate] - daoTemplate执行查询:select a.id,学号,姓名,专业_id,图片_id,性别,b.专业名称,c.路径 from 学生表 a left join 专业表 b on a.专业_id=b.id left join 文件共享表 c on c.id = a.图片_id where 学号=? and 密码=? order by id desc
2012-12-16 21:34:05,692 INFO [dao.daoTemplate] - daoTemplate执行查询:select a.id,学号,姓名,专业_id,图片_id,性别,b.专业名称,c.路径 from 学生表 a left join 专业表 b on a.专业_id=b.id left join 文件共享表 c on c.id = a.图片_id where a.id=? order by id desc
2012-12-16 21:34:05,699 INFO [dao.daoTemplate] - daoTemplate执行查询:select id,专业名称  from 专业表 a order by id desc
2012-12-16 21:34:06,804 INFO [dao.daoTemplate] - daoTemplate执行查询:select a.id,学号,姓名,专业_id,图片_id,性别,b.专业名称,c.路径 from 学生表 a left join 专业表 b on a.专业_id=b.id left join 文件共享表 c on c.id = a.图片_id where a.id=? order by id desc
2012-12-16 21:34:08,324 INFO [dao.daoTemplate] - daoTemplate执行查询:select a.id,学号,姓名,专业_id,图片_id,性别,b.专业名称,c.路径 from 学生表 a left join 专业表 b on a.专业_id=b.id left join 文件共享表 c on c.id = a.图片_id where 学号 like ? order by id desc limit ?,?
2012-12-16 21:34:11,516 INFO [dao.daoTemplate] - daoTemplate执行查询:select a.id,学号,姓名,专业_id,图片_id,性别,b.专业名称,c.路径 from 学生表 a left join 专业表 b on a.专业_id=b.id left join 文件共享表 c on c.id = a.图片_id where a.id=? order by id desc
2012-12-16 21:34:13,497 INFO [dao.daoTemplate] - daoTemplate执行查询:select a.id,学号,姓名,专业_id,图片_id,性别,b.专业名称,c.路径 from 学生表 a left join 专业表 b on a.专业_id=b.id left join 文件共享表 c on c.id = a.图片_id where 学号 like ? order by id desc limit ?,?
2012-12-16 21:42:45,488 INFO [dao.daoTemplate] - daoTemplate执行查询:select a.id,学号,姓名,专业_id,图片_id,性别,b.专业名称,c.路径 from 学生表 a left join 专业表 b on a.专业_id=b.id left join 文件共享表 c on c.id = a.图片_id where 学号 like ? order by id desc limit ?,?
2012-12-16 21:42:47,388 INFO [dao.daoTemplate] - daoTemplate执行查询:select a.id,学号,姓名,专业_id,图片_id,性别,b.专业名称,c.路径 from 学生表 a left join 专业表 b on a.专业_id=b.id left join 文件共享表 c on c.id = a.图片_id where a.id=? order by id desc
2012-12-16 21:42:48,510 INFO [dao.daoTemplate] - daoTemplate执行查询:select a.id,学号,姓名,专业_id,图片_id,性别,b.专业名称,c.路径 from 学生表 a left join 专业表 b on a.专业_id=b.id left join 文件共享表 c on c.id = a.图片_id where a.id=? order by id desc
2012-12-16 21:42:48,515 INFO [dao.daoTemplate] - daoTemplate执行查询:select id,专业名称  from 专业表 a order by id desc
2012-12-16 21:42:53,476 INFO [dao.daoTemplate] - daoTemplate执行查询:select a.id,学号,姓名,专业_id,图片_id,性别,b.专业名称,c.路径 from 学生表 a left join 专业表 b on a.专业_id=b.id left join 文件共享表 c on c.id = a.图片_id where a.id=? order by id desc
2012-12-16 21:42:53,479 INFO [dao.daoTemplate] - daoTemplate执行查询:select id,专业名称  from 专业表 a order by id desc
2012-12-16 21:42:54,197 INFO [dao.daoTemplate] - daoTemplate执行查询:select a.id,学号,姓名,专业_id,图片_id,性别,b.专业名称,c.路径 from 学生表 a left join 专业表 b on a.专业_id=b.id left join 文件共享表 c on c.id = a.图片_id where a.id=? order by id desc
2012-12-16 21:42:55,038 INFO [dao.daoTemplate] - daoTemplate执行查询:select a.id,学号,姓名,专业_id,图片_id,性别,b.专业名称,c.路径 from 学生表 a left join 专业表 b on a.专业_id=b.id left join 文件共享表 c on c.id = a.图片_id where 学号 like ? order by id desc limit ?,?
2012-12-16 21:42:57,215 INFO [dao.daoTemplate] - daoTemplate执行查询:select a.id,学号,姓名,专业_id,图片_id,性别,b.专业名称,c.路径 from 学生表 a left join 专业表 b on a.专业_id=b.id left join 文件共享表 c on c.id = a.图片_id where 学号 like ? order by id desc limit ?,?
2012-12-16 21:42:58,275 INFO [dao.daoTemplate] - daoTemplate执行查询:select a.id,学号,姓名,专业_id,图片_id,性别,b.专业名称,c.路径 from 学生表 a left join 专业表 b on a.专业_id=b.id left join 文件共享表 c on c.id = a.图片_id where 学号 like ? order by id desc limit ?,?
2012-12-16 21:42:59,221 INFO [dao.daoTemplate] - daoTemplate执行查询:select a.id,学号,姓名,专业_id,图片_id,性别,b.专业名称,c.路径 from 学生表 a left join 专业表 b on a.专业_id=b.id left join 文件共享表 c on c.id = a.图片_id where 学号 like ? order by id desc limit ?,?
2012-12-16 21:42:59,998 INFO [dao.daoTemplate] - daoTemplate执行查询:select a.id,学号,姓名,专业_id,图片_id,性别,b.专业名称,c.路径 from 学生表 a left join 专业表 b on a.专业_id=b.id left join 文件共享表 c on c.id = a.图片_id where 学号 like ? order by id desc limit ?,?
2012-12-16 21:43:01,082 INFO [dao.daoTemplate] - daoTemplate执行查询:select a.id,学号,姓名,专业_id,图片_id,性别,b.专业名称,c.路径 from 学生表 a left join 专业表 b on a.专业_id=b.id left join 文件共享表 c on c.id = a.图片_id where 学号 like ? order by id desc limit ?,?
2012-12-16 21:43:02,282 INFO [dao.daoTemplate] - daoTemplate执行查询:select a.id,学号,姓名,专业_id,图片_id,性别,b.专业名称,c.路径 from 学生表 a left join 专业表 b on a.专业_id=b.id left join 文件共享表 c on c.id = a.图片_id where 学号 like ? order by id desc limit ?,?
2012-12-16 21:43:02,823 INFO [dao.daoTemplate] - daoTemplate执行查询:select a.id,学号,姓名,专业_id,图片_id,性别,b.专业名称,c.路径 from 学生表 a left join 专业表 b on a.专业_id=b.id left join 文件共享表 c on c.id = a.图片_id where 学号 like ? order by id desc limit ?,?
2012-12-16 21:43:03,384 INFO [dao.daoTemplate] - daoTemplate执行查询:select a.id,学号,姓名,专业_id,图片_id,性别,b.专业名称,c.路径 from 学生表 a left join 专业表 b on a.专业_id=b.id left join 文件共享表 c on c.id = a.图片_id where 学号 like ? order by id desc limit ?,?
2012-12-16 21:43:05,044 INFO [dao.daoTemplate] - daoTemplate执行查询:select a.id,学号,姓名,专业_id,图片_id,性别,b.专业名称,c.路径 from 学生表 a left join 专业表 b on a.专业_id=b.id left join 文件共享表 c on c.id = a.图片_id where a.id=? order by id desc
2012-12-16 21:43:06,585 INFO [dao.daoTemplate] - daoTemplate执行查询:select a.id,学号,姓名,专业_id,图片_id,性别,b.专业名称,c.路径 from 学生表 a left join 专业表 b on a.专业_id=b.id left join 文件共享表 c on c.id = a.图片_id where a.id=? order by id desc
2012-12-16 21:43:06,589 INFO [dao.daoTemplate] - daoTemplate执行查询:select id,专业名称  from 专业表 a order by id desc
2012-12-16 21:43:35,136 INFO [dao.daoTemplate] - daoTemplate执行查询:select a.id,学号,姓名,专业_id,图片_id,性别,b.专业名称,c.路径 from 学生表 a left join 专业表 b on a.专业_id=b.id left join 文件共享表 c on c.id = a.图片_id where 学号 like ? order by id desc limit ?,?
2012-12-16 21:43:35,506 INFO [dao.daoTemplate] - daoTemplate执行查询:select a.id,学号,姓名,专业_id,图片_id,性别,b.专业名称,c.路径 from 学生表 a left join 专业表 b on a.专业_id=b.id left join 文件共享表 c on c.id = a.图片_id where a.id=? order by id desc
2012-12-16 21:43:36,028 INFO [dao.daoTemplate] - daoTemplate执行查询:select a.id,学号,姓名,专业_id,图片_id,性别,b.专业名称,c.路径 from 学生表 a left join 专业表 b on a.专业_id=b.id left join 文件共享表 c on c.id = a.图片_id where a.id=? order by id desc
2012-12-16 21:43:36,032 INFO [dao.daoTemplate] - daoTemplate执行查询:select id,专业名称  from 专业表 a order by id desc
2012-12-16 21:43:36,472 INFO [dao.daoTemplate] - daoTemplate执行查询:select a.id,学号,姓名,专业_id,图片_id,性别,b.专业名称,c.路径 from 学生表 a left join 专业表 b on a.专业_id=b.id left join 文件共享表 c on c.id = a.图片_id where 学号 like ? order by id desc limit ?,?
2012-12-16 21:43:36,947 INFO [dao.daoTemplate] - daoTemplate执行查询:select a.id,学号,姓名,专业_id,图片_id,性别,b.专业名称,c.路径 from 学生表 a left join 专业表 b on a.专业_id=b.id left join 文件共享表 c on c.id = a.图片_id where a.id=? order by id desc
2012-12-16 21:43:38,282 INFO [dao.daoTemplate] - daoTemplate执行查询:select a.id,学号,姓名,专业_id,图片_id,性别,b.专业名称,c.路径 from 学生表 a left join 专业表 b on a.专业_id=b.id left join 文件共享表 c on c.id = a.图片_id where 学号 like ? order by id desc limit ?,?
2012-12-16 21:43:39,644 INFO [dao.daoTemplate] - daoTemplate执行查询:select a.id,学号,姓名,专业_id,图片_id,性别,b.专业名称,c.路径 from 学生表 a left join 专业表 b on a.专业_id=b.id left join 文件共享表 c on c.id = a.图片_id where a.id=? order by id desc
2012-12-16 21:43:40,315 INFO [dao.daoTemplate] - daoTemplate执行查询:select a.id,学号,姓名,专业_id,图片_id,性别,b.专业名称,c.路径 from 学生表 a left join 专业表 b on a.专业_id=b.id left join 文件共享表 c on c.id = a.图片_id where a.id=? order by id desc
2012-12-16 21:43:40,321 INFO [dao.daoTemplate] - daoTemplate执行查询:select id,专业名称  from 专业表 a order by id desc
2012-12-16 21:43:41,537 INFO [dao.daoTemplate] - daoTemplate执行查询:select a.id,学号,姓名,专业_id,图片_id,性别,b.专业名称,c.路径 from 学生表 a left join 专业表 b on a.专业_id=b.id left join 文件共享表 c on c.id = a.图片_id where 学号 like ? order by id desc limit ?,?
2012-12-16 21:43:42,036 INFO [dao.daoTemplate] - daoTemplate执行查询:select a.id,学号,姓名,专业_id,图片_id,性别,b.专业名称,c.路径 from 学生表 a left join 专业表 b on a.专业_id=b.id left join 文件共享表 c on c.id = a.图片_id where a.id=? order by id desc
2012-12-16 21:43:42,444 INFO [dao.daoTemplate] - daoTemplate执行查询:select a.id,学号,姓名,专业_id,图片_id,性别,b.专业名称,c.路径 from 学生表 a left join 专业表 b on a.专业_id=b.id left join 文件共享表 c on c.id = a.图片_id where a.id=? order by id desc
2012-12-16 21:43:42,448 INFO [dao.daoTemplate] - daoTemplate执行查询:select id,专业名称  from 专业表 a order by id desc
2012-12-16 21:43:50,163 INFO [dao.daoTemplate] - daoTemplate执行查询:select a.id,学生_id,路径,b.姓名 from 文件共享表 a left join 学生表 b on a.学生_id=b.id where 路径 like ? and 路径 not like ? order by id desc
2012-12-16 21:43:58,347 INFO [dao.daoTemplate] - daoTemplate执行查询:select a.id,学号,姓名,专业_id,图片_id,性别,b.专业名称,c.路径 from 学生表 a left join 专业表 b on a.专业_id=b.id left join 文件共享表 c on c.id = a.图片_id where a.id=? order by id desc
2012-12-16 21:43:59,628 INFO [dao.daoTemplate] - daoTemplate执行查询:select a.id,学生_id,路径,b.姓名 from 文件共享表 a left join 学生表 b on a.学生_id=b.id where 路径 like ? and 路径 not like ? order by id desc
2012-12-16 22:04:41,747 INFO [dao.daoTemplate] - daoTemplate执行查询:select a.id,学号,姓名,专业_id,图片_id,性别,b.专业名称,c.路径 from 学生表 a left join 专业表 b on a.专业_id=b.id left join 文件共享表 c on c.id = a.图片_id where 学号=? and 密码=? order by id desc
2012-12-18 09:59:25,151 INFO [com.mchange.v2.log.MLog] - MLog clients using log4j logging.
2012-12-18 09:59:25,429 INFO [com.mchange.v2.c3p0.C3P0Registry] - Initializing c3p0-0.9.1.2 [built 21-May-2007 15:04:56; debug? true; trace: 10]
2012-12-18 10:00:03,349 INFO [com.mchange.v2.c3p0.impl.AbstractPoolBackedDataSource] - Initializing c3p0 pool... com.mchange.v2.c3p0.ComboPooledDataSource [ acquireIncrement -> 3, acquireRetryAttempts -> 30, acquireRetryDelay -> 1000, autoCommitOnClose -> true, automaticTestTable -> null, breakAfterAcquireFailure -> false, checkoutTimeout -> 0, connectionCustomizerClassName -> null, connectionTesterClassName -> com.mchange.v2.c3p0.impl.DefaultConnectionTester, dataSourceName -> 1b60x188r1bnfjwv1y2a6sj|4204, debugUnreturnedConnectionStackTraces -> false, description -> null, driverClass -> org.gjt.mm.mysql.Driver, factoryClassLocation -> null, forceIgnoreUnresolvedTransactions -> false, identityToken -> 1b60x188r1bnfjwv1y2a6sj|4204, idleConnectionTestPeriod -> 0, initialPoolSize -> 10, jdbcUrl -> jdbc:mysql://localhost/student, maxAdministrativeTaskTime -> 0, maxConnectionAge -> 0, maxIdleTime -> 0, maxIdleTimeExcessConnections -> 0, maxPoolSize -> 30, maxStatements -> 100, maxStatementsPerConnection -> 0, minPoolSize -> 8, numHelperThreads -> 3, numThreadsAwaitingCheckoutDefaultUser -> 0, preferredTestQuery -> null, properties -> {user=******, password=******}, propertyCycle -> 0, testConnectionOnCheckin -> false, testConnectionOnCheckout -> false, unreturnedConnectionTimeout -> 0, usesTraditionalReflectiveProxies -> false ]
2012-12-18 10:00:03,725 INFO [dao.daoTemplate] - daoTemplate执行查询:select a.id,学号,姓名,专业_id,图片_id,性别,b.专业名称,c.路径 from 学生表 a left join 专业表 b on a.专业_id=b.id left join 文件共享表 c on c.id = a.图片_id where 学号=? and 密码=? order by id desc
